
╔══════════════════════════════════════════════╗
║  Acode + acodex-server 一键构建部署工具     ║
╚══════════════════════════════════════════════╝
  工作区: C:\Users\vhtmf\source\repos\Acode-All
  动作: full | 构建: debug | 应用: paid | 设备: hdc

▶ 检测构建环境
  ✓ Git: git version 2.51.0.windows.1
  ✓ Node.js: v24.11.1
  ✓ npm: 11.6.2
  ✓ JAVA_HOME: C:\Program Files\Android\openjdk\jdk-21.0.8
  ✓ ANDROID_HOME: C:\Program Files (x86)\Android\android-sdk
  ✓ Android Build Tools 最新版: 36.0.0
  ✓ Gradle: 
  ✓ Rust: rustc 1.93.1 (01f6ddf75 2026-02-11)
  ✓ zig: 0.15.2
  ✓ cargo-zigbuild: cargo-zigbuild 0.22.1
  ✓ Rust musl target: aarch64-unknown-linux-musl

▶ 初始化 Git 子模块（竞速克隆）
  ✓ 子模块已就绪，跳过克隆
  ✓ 子模块已就绪

▶ 安装 Node.js 依赖
  
  up to date, audited 974 packages in 5s
  
  145 packages are looking for funding
    run `npm fund` for details
  
  13 vulnerabilities (8 moderate, 5 high)
  
  To address issues that do not require attention, run:
    npm audit fix
  
  To address all issues (including breaking changes), run:
    npm audit fix --force
  
  Run `npm audit` for details.
  ✓ 依赖安装完成
  ✓ 已记录构建前的 Acode git 状态基线

▶ 设置 Cordova Android 平台
  ✓ fdroid.bool=false → targetSdkVersion=35
  ✗ 无法解析 package.json，无法刷新本地 Cordova 插件
